Runner 3 1 0 6 11 3 0 6 2 1.1250 246 0.0000 1 0.0000 0.5000 0 0 79.6667
 ~ static void <clinit>(): 1
 ~ public static void main(String[] arg0): 1
 ~ public void <init>(): 1

flight.reservation.flight.ScheduledFlight 11 2 0 7 19 9 4 3 11 0.6667 113 1.0000 0 0.4706 0.2987 0 0 9.0000
 ~ public void <init>(int arg0, flight.reservation.Airport arg1, flight.reservation.Airport arg2, Object arg3, java.util.Date arg4, double arg5): 1
 ~ public double getCurrentPrice(): 1
 ~ public java.util.List getPassengers(): 1
 ~ public void <init>(int arg0, flight.reservation.Airport arg1, flight.reservation.Airport arg2, Object arg3, java.util.Date arg4): 1
 ~ public int getAvailableCapacity(): 1
 ~ public void removePassengers(java.util.List arg0): 1
 ~ public int getCapacity(): 2
 ~ public void setCurrentPrice(double arg0): 1
 ~ public java.util.Date getDepartureTime(): 1
 ~ public int getCrewMemberCapacity(): 2
 ~ public void addPassengers(java.util.List arg0): 1

flight.reservation.Customer 11 1 0 13 35 31 7 9 8 0.7667 136 1.0000 0 0.0000 0.3818 0 0 11.0909
 ~ private boolean isOrderValid(java.util.List arg0, java.util.List arg1): 1
 ~ private boolean isOrderValid(java.util.List arg0, java.util.List arg1, double arg2): 1
 ~ public void setEmail(String arg0): 1
 ~ private static synthetic void lambda$createOrder$0(java.util.List arg0, flight.reservation.flight.ScheduledFlight arg1): 1
 ~ public java.util.List getOrders(): 1
 ~ public void setOrders(java.util.List arg0): 1
 ~ public flight.reservation.order.FlightOrder createOrder(java.util.List arg0, java.util.List arg1, double arg2): 2
 ~ public String getName(): 1
 ~ public String getEmail(): 1
 ~ public void setName(String arg0): 1
 ~ public void <init>(String arg0, String arg1): 1

flight.reservation.payment.PayPalAdapter 4 1 0 3 10 4 0 3 4 0.3333 49 1.0000 0 0.0000 0.5000 0 0 10.7500
 ~ public boolean isPaymentValid(): 4
 ~ public String getPaymentMethodName(): 1
 ~ public boolean processPayment(double arg0): 2
 ~ public void <init>(String arg0, String arg1): 1

flight.reservation.Airport 8 1 0 4 9 8 4 0 8 0.7429 91 1.0000 0 0.0000 0.3750 0 0 9.7500
 ~ public void <init>(String arg0, String arg1, String arg2, String[] arg3): 1
 ~ public String getCode(): 1
 ~ public String[] getAllowedAircrafts(): 1
 ~ public java.util.List getFlights(): 1
 ~ public String getLocation(): 1
 ~ public String getName(): 1
 ~ public void setFlights(java.util.List arg0): 1
 ~ public void <init>(String arg0, String arg1, String arg2): 1

flight.reservation.validator.NoFlyListValidator 3 2 0 4 14 1 1 4 1 0.5000 55 1.0000 0 0.7500 0.7500 1 1 17.0000
 ~ static void <clinit>(): 1
 ~ public void <init>(): 1
 ~ protected boolean doValidation(flight.reservation.validator.FlightBookingRequest arg0): 4

flight.reservation.plane.Aircraft 3 1 0 5 3 3 5 0 3 2.0000 3 0.0000 0 0.0000 1.0000 0 0 0.0000
 ~ public abstract int getCrewCapacity(): 1
 ~ public abstract String getModel(): 1
 ~ public abstract int getPassengerCapacity(): 1

flight.reservation.validator.PriceValidator 2 2 0 3 5 1 1 2 1 2.0000 29 1.0000 0 0.7500 0.7500 1 1 13.0000
 ~ public void <init>(): 1
 ~ protected boolean doValidation(flight.reservation.validator.FlightBookingRequest arg0): 3

flight.reservation.validator.FlightBookingValidator 4 1 3 5 6 4 4 1 3 0.6667 33 1.0000 1 0.0000 0.5833 0 0 7.0000
 ~ public final flight.reservation.validator.FlightBookingRequest validate(flight.reservation.validator.FlightBookingRequest arg0): 4
 ~ public void setNextValidator(flight.reservation.validator.FlightBookingValidator arg0): 1
 ~ protected abstract boolean doValidation(flight.reservation.validator.FlightBookingRequest): 1
 ~ public void <init>(): 1

flight.reservation.flight.Flight 9 1 1 9 21 4 3 6 6 0.6563 117 1.0000 2 0.0000 0.3111 0 0 11.5556
 ~ public flight.reservation.Airport getArrival(): 1
 ~ public int getNumber(): 1
 ~ public String toString(): 1
 ~ public flight.reservation.Airport getDeparture(): 1
 ~ public Object getAircraft(): 1
 ~ public void <init>(int arg0, flight.reservation.Airport arg1, flight.reservation.Airport arg2, Object arg3): 1
 ~ private boolean isAircraftValid(flight.reservation.Airport arg0): 1
 ~ private synthetic boolean lambda$isAircraftValid$0(String arg0): 4
 ~ private void checkValidity(): 3

flight.reservation.order.FlightOrder 20 2 0 13 59 146 5 10 12 0.7895 377 0.6667 0 0.3333 0.1722 0 0 17.7000
 ~ public void removeObserver(flight.reservation.observer.BookingObserver arg0): 1
 ~ private void notifyBookingConfirmed(): 2
 ~ private void notifyPaymentProcessed(double arg0): 2
 ~ public java.util.List getScheduledFlights(): 1
 ~ private void notifyBookingCancelled(): 2
 ~ public boolean processOrderWithCreditCard(flight.reservation.payment.CreditCard arg0): 4
 ~ public boolean processPayment(flight.reservation.payment.PaymentProcessor arg0): 5
 ~ public static java.util.List getNoFlyList(): 1
 ~ public boolean payWithCreditCard(flight.reservation.payment.CreditCard arg0, double arg1): 3
 ~ public boolean processOrderWithCreditCardDetail(String arg0, java.util.Date arg1, String arg2): 1
 ~ private static synthetic boolean lambda$isOrderValid$0(String arg0): 1
 ~ public boolean processOrderWithPayPal(String arg0, String arg1): 6
 ~ private static synthetic boolean lambda$isOrderValid$1(java.util.List arg0, flight.reservation.flight.ScheduledFlight arg1): 2
 ~ private boolean isOrderValid(flight.reservation.Customer arg0, java.util.List arg1, java.util.List arg2): 7
 ~ static void <clinit>(): 1
 ~ public boolean payWithPayPal(String arg0, String arg1, double arg2): 2
 ~ public void addObserver(flight.reservation.observer.BookingObserver arg0): 2
 ~ public boolean processPaymentWithStrategy(flight.reservation.payment.PaymentStrategy arg0): 5
 ~ public void <init>(java.util.List arg0): 1
 ~ private boolean cardIsPresentAndValid(flight.reservation.payment.CreditCard arg0): 3

flight.reservation.validator.FlightBookingRequest 8 1 0 5 9 8 5 1 8 0.8000 57 1.0000 1 0.0000 0.3000 0 0 5.5000
 ~ public flight.reservation.Customer getCustomer(): 1
 ~ public java.util.List getPassengerNames(): 1
 ~ public java.util.List getFlights(): 1
 ~ public void setRejectionReason(String arg0): 1
 ~ public String getRejectionReason(): 1
 ~ public double getPrice(): 1
 ~ public void <init>(flight.reservation.Customer arg0, java.util.List arg1, java.util.List arg2, double arg3): 1
 ~ public boolean isValid(): 2

flight.reservation.plane.AircraftFactory 6 1 0 5 16 15 0 5 3 2.0000 125 0.0000 0 0.0000 0.5000 0 0 19.8333
 ~ public static flight.reservation.plane.Aircraft createAircraft(String arg0, String arg1): 13
 ~ public static flight.reservation.plane.Aircraft createFromModel(String arg0): 5
 ~ private static boolean isPassengerPlaneModel(String arg0): 1
 ~ public void <init>(): 1
 ~ private static boolean isHelicopterModel(String arg0): 1
 ~ private static boolean isPassengerDroneModel(String arg0): 1

flight.reservation.payment.PaymentProcessor 3 1 0 3 3 3 3 0 3 2.0000 3 0.0000 0 0.0000 0.6667 0 0 0.0000
 ~ public abstract String getPaymentMethodName(): 1
 ~ public abstract boolean isPaymentValid(): 1
 ~ public abstract boolean processPayment(double): 1

flight.reservation.order.Order 10 1 1 2 12 31 1 1 10 0.8667 55 1.0000 1 0.0000 0.3250 0 0 4.0000
 ~ public void setPrice(double arg0): 1
 ~ public void setCustomer(flight.reservation.Customer arg0): 1
 ~ public flight.reservation.Customer getCustomer(): 1
 ~ public void setClosed(): 1
 ~ public java.util.List getPassengers(): 1
 ~ public double getPrice(): 1
 ~ public void setPassengers(java.util.List arg0): 1
 ~ public void <init>(): 1
 ~ public boolean isClosed(): 1
 ~ public java.util.UUID getId(): 1

flight.reservation.observer.EmailNotificationObserver 4 1 0 4 10 6 0 4 4 2.0000 35 0.0000 0 0.0000 0.6667 0 0 7.7500
 ~ public void onBookingConfirmed(flight.reservation.order.FlightOrder arg0): 1
 ~ public void onPaymentProcessed(flight.reservation.order.FlightOrder arg0, double arg1): 1
 ~ public void onBookingCancelled(flight.reservation.order.FlightOrder arg0): 1
 ~ public void <init>(): 1

flight.reservation.payment.PaymentStrategy 3 1 0 3 3 3 3 0 3 2.0000 3 0.0000 0 0.0000 0.6667 0 0 0.0000
 ~ public abstract boolean validate(): 1
 ~ public abstract String getStrategyName(): 1
 ~ public abstract boolean execute(double): 1

flight.reservation.plane.Helicopter 4 1 0 4 8 2 3 1 4 0.8889 49 1.0000 0 0.0000 0.6250 0 0 10.5000
 ~ public void <init>(String arg0): 3
 ~ public int getCrewCapacity(): 1
 ~ public String getModel(): 1
 ~ public int getPassengerCapacity(): 1

flight.reservation.observer.BookingObserver 3 1 0 3 3 3 3 1 3 2.0000 3 0.0000 0 0.0000 0.7778 0 0 0.0000
 ~ public abstract void onBookingConfirmed(flight.reservation.order.FlightOrder): 1
 ~ public abstract void onBookingCancelled(flight.reservation.order.FlightOrder): 1
 ~ public abstract void onPaymentProcessed(flight.reservation.order.FlightOrder, double): 1

flight.reservation.payment.CreditCardAdapter 4 1 0 3 13 0 0 3 4 0.3333 68 1.0000 1 0.0000 0.5000 0 0 15.7500
 ~ public boolean isPaymentValid(): 3
 ~ public String getPaymentMethodName(): 1
 ~ public boolean processPayment(double arg0): 3
 ~ public void <init>(flight.reservation.payment.CreditCard arg0): 1

flight.reservation.plane.PassengerDrone 4 1 0 4 8 4 3 1 4 1.1111 37 1.0000 0 0.0000 0.6250 0 0 7.5000
 ~ public void <init>(String arg0): 2
 ~ public int getCrewCapacity(): 1
 ~ public String getModel(): 1
 ~ public int getPassengerCapacity(): 1

flight.reservation.flight.Schedule 8 1 0 5 30 0 1 4 7 0.1429 112 1.0000 0 0.0000 0.3500 0 0 12.8750
 ~ public void clear(): 1
 ~ public java.util.List getScheduledFlights(): 1
 ~ public void removeScheduledFlight(flight.reservation.flight.ScheduledFlight arg0): 1
 ~ public flight.reservation.flight.ScheduledFlight searchScheduledFlight(int arg0): 1
 ~ public void <init>(): 1
 ~ public void removeFlight(flight.reservation.flight.Flight arg0): 6
 ~ private static synthetic boolean lambda$searchScheduledFlight$0(int arg0, flight.reservation.flight.ScheduledFlight arg1): 2
 ~ public void scheduleFlight(flight.reservation.flight.Flight arg0, java.util.Date arg1): 1

flight.reservation.validator.CapacityValidator 2 2 0 5 13 1 1 4 1 2.0000 41 0.0000 0 0.7500 0.7500 1 1 19.5000
 ~ public void <init>(): 1
 ~ protected boolean doValidation(flight.reservation.validator.FlightBookingRequest arg0): 3

flight.reservation.plane.PassengerPlane 4 1 0 4 9 0 3 1 4 0.6667 98 0.0000 0 0.0000 0.6250 0 0 22.7500
 ~ public void <init>(String arg0): 11
 ~ public int getCrewCapacity(): 1
 ~ public String getModel(): 1
 ~ public int getPassengerCapacity(): 1

flight.reservation.payment.CreditCard 5 1 0 3 10 0 3 0 5 0.6500 58 1.0000 0 0.0000 0.4000 0 0 9.6000
 ~ public double getAmount(): 1
 ~ public void <init>(String arg0, java.util.Date arg1, String arg2): 1
 ~ public void setAmount(double arg0): 1
 ~ public void setValid(): 4
 ~ public boolean isValid(): 1

flight.reservation.order.FlightOrderBuilder 4 1 0 2 12 0 0 2 4 0.5833 83 1.0000 1 0.0000 0.5000 0 0 18.7500
 ~ public void <init>(flight.reservation.Customer arg0, java.util.List arg1): 4
 ~ public flight.reservation.order.FlightOrderBuilder withPassengers(java.util.List arg0): 1
 ~ public flight.reservation.order.FlightOrder build(): 3
 ~ public flight.reservation.order.FlightOrderBuilder withPrice(double arg0): 2

flight.reservation.Passenger 2 1 0 0 3 0 0 0 2 0.0000 12 1.0000 0 0.0000 0.7500 0 0 4.5000
 ~ public void <init>(String arg0): 1
 ~ public String getName(): 1

flight.reservation.payment.CreditCardPaymentStrategy 4 1 0 3 13 0 0 3 4 0.3333 68 1.0000 1 0.0000 0.5000 0 0 15.7500
 ~ public boolean validate(): 3
 ~ public String getStrategyName(): 1
 ~ public void <init>(flight.reservation.payment.CreditCard arg0): 1
 ~ public boolean execute(double arg0): 3

flight.reservation.payment.Paypal 2 1 0 3 5 1 3 0 1 1.0000 21 0.0000 0 0.0000 1.0000 0 0 9.0000
 ~ static void <clinit>(): 1
 ~ public void <init>(): 1

flight.reservation.payment.PayPalPaymentStrategy 4 1 0 3 10 4 0 3 4 0.3333 49 1.0000 0 0.0000 0.5000 0 0 10.7500
 ~ public boolean validate(): 4
 ~ public String getStrategyName(): 1
 ~ public void <init>(String arg0, String arg1): 1
 ~ public boolean execute(double arg0): 2

flight.reservation.observer.LoggingObserver 4 1 0 4 13 6 0 4 4 2.0000 32 0.0000 0 0.0000 0.6667 0 0 7.0000
 ~ public void onBookingConfirmed(flight.reservation.order.FlightOrder arg0): 1
 ~ public void onPaymentProcessed(flight.reservation.order.FlightOrder arg0, double arg1): 1
 ~ public void onBookingCancelled(flight.reservation.order.FlightOrder arg0): 1
 ~ public void <init>(): 1

