Runner 3 1 0 6 11 3 0 6 2 1.1250 246 0.0000 1 0.0000 0.5000 0 0 79.6667
 ~ static void <clinit>(): 1
 ~ public static void main(String[] arg0): 1
 ~ public void <init>(): 1

flight.reservation.flight.ScheduledFlight 11 2 0 8 18 9 3 5 11 0.6667 140 1.0000 0 0.4706 0.2987 0 0 11.4545
 ~ public void <init>(int arg0, flight.reservation.Airport arg1, flight.reservation.Airport arg2, Object arg3, java.util.Date arg4, double arg5): 1
 ~ public double getCurrentPrice(): 1
 ~ public java.util.List getPassengers(): 1
 ~ public void <init>(int arg0, flight.reservation.Airport arg1, flight.reservation.Airport arg2, Object arg3, java.util.Date arg4): 1
 ~ public int getAvailableCapacity(): 1
 ~ public void removePassengers(java.util.List arg0): 1
 ~ public int getCapacity(): 4
 ~ public void setCurrentPrice(double arg0): 1
 ~ public java.util.Date getDepartureTime(): 1
 ~ public int getCrewMemberCapacity(): 4
 ~ public void addPassengers(java.util.List arg0): 1

flight.reservation.Customer 12 1 0 6 38 42 2 5 8 0.7576 154 1.0000 0 0.0000 0.3500 0 0 11.5833
 ~ private boolean isOrderValid(java.util.List arg0, java.util.List arg1): 7
 ~ public void setEmail(String arg0): 1
 ~ private static synthetic boolean lambda$isOrderValid$1(String arg0): 1
 ~ private static synthetic void lambda$createOrder$0(java.util.List arg0, flight.reservation.flight.ScheduledFlight arg1): 1
 ~ public java.util.List getOrders(): 1
 ~ private static synthetic boolean lambda$isOrderValid$2(java.util.List arg0, flight.reservation.flight.ScheduledFlight arg1): 2
 ~ public void setOrders(java.util.List arg0): 1
 ~ public flight.reservation.order.FlightOrder createOrder(java.util.List arg0, java.util.List arg1, double arg2): 2
 ~ public String getName(): 1
 ~ public String getEmail(): 1
 ~ public void setName(String arg0): 1
 ~ public void <init>(String arg0, String arg1): 1

flight.reservation.plane.Helicopter 3 1 0 3 7 0 3 0 3 0.5000 45 1.0000 0 0.0000 0.6667 0 0 13.3333
 ~ public void <init>(String arg0): 3
 ~ public String getModel(): 1
 ~ public int getPassengerCapacity(): 1

flight.reservation.Airport 8 1 0 4 9 8 4 0 8 0.7429 91 1.0000 0 0.0000 0.3750 0 0 9.7500
 ~ public void <init>(String arg0, String arg1, String arg2, String[] arg3): 1
 ~ public String getCode(): 1
 ~ public String[] getAllowedAircrafts(): 1
 ~ public java.util.List getFlights(): 1
 ~ public String getLocation(): 1
 ~ public String getName(): 1
 ~ public void setFlights(java.util.List arg0): 1
 ~ public void <init>(String arg0, String arg1, String arg2): 1

flight.reservation.plane.PassengerDrone 1 1 0 3 5 0 3 0 1 2.0000 25 1.0000 0 0.0000 1.0000 0 0 23.0000
 ~ public void <init>(String arg0): 2

flight.reservation.flight.Schedule 8 1 0 5 30 0 1 4 7 0.1429 112 1.0000 0 0.0000 0.3500 0 0 12.8750
 ~ public void clear(): 1
 ~ public java.util.List getScheduledFlights(): 1
 ~ public void removeScheduledFlight(flight.reservation.flight.ScheduledFlight arg0): 1
 ~ public flight.reservation.flight.ScheduledFlight searchScheduledFlight(int arg0): 1
 ~ public void <init>(): 1
 ~ public void removeFlight(flight.reservation.flight.Flight arg0): 6
 ~ private static synthetic boolean lambda$searchScheduledFlight$0(int arg0, flight.reservation.flight.ScheduledFlight arg1): 2
 ~ public void scheduleFlight(flight.reservation.flight.Flight arg0, java.util.Date arg1): 1

flight.reservation.plane.PassengerPlane 1 1 0 3 6 0 3 0 1 2.0000 86 0.0000 0 0.0000 1.0000 0 0 82.0000
 ~ public void <init>(String arg0): 11

flight.reservation.payment.CreditCard 5 1 0 1 10 0 1 0 5 0.6500 58 1.0000 0 0.0000 0.4000 0 0 9.6000
 ~ public double getAmount(): 1
 ~ public void <init>(String arg0, java.util.Date arg1, String arg2): 1
 ~ public void setAmount(double arg0): 1
 ~ public void setValid(): 4
 ~ public boolean isValid(): 1

flight.reservation.flight.Flight 9 1 1 9 21 4 3 6 6 0.6563 117 1.0000 2 0.0000 0.3111 0 0 11.5556
 ~ public flight.reservation.Airport getArrival(): 1
 ~ public int getNumber(): 1
 ~ public String toString(): 1
 ~ public flight.reservation.Airport getDeparture(): 1
 ~ public Object getAircraft(): 1
 ~ public void <init>(int arg0, flight.reservation.Airport arg1, flight.reservation.Airport arg2, Object arg3): 1
 ~ private boolean isAircraftValid(flight.reservation.Airport arg0): 1
 ~ private synthetic boolean lambda$isAircraftValid$0(String arg0): 4
 ~ private void checkValidity(): 3

flight.reservation.order.FlightOrder 13 2 0 7 39 64 1 7 8 0.8333 231 0.5000 0 0.4500 0.2500 0 0 16.6154
 ~ public java.util.List getScheduledFlights(): 1
 ~ public boolean processOrderWithCreditCard(flight.reservation.payment.CreditCard arg0): 4
 ~ public static java.util.List getNoFlyList(): 1
 ~ public boolean payWithCreditCard(flight.reservation.payment.CreditCard arg0, double arg1): 3
 ~ public boolean processOrderWithCreditCardDetail(String arg0, java.util.Date arg1, String arg2): 1
 ~ private static synthetic boolean lambda$isOrderValid$0(String arg0): 1
 ~ public boolean processOrderWithPayPal(String arg0, String arg1): 6
 ~ private static synthetic boolean lambda$isOrderValid$1(java.util.List arg0, flight.reservation.flight.ScheduledFlight arg1): 2
 ~ private boolean isOrderValid(flight.reservation.Customer arg0, java.util.List arg1, java.util.List arg2): 7
 ~ static void <clinit>(): 1
 ~ public boolean payWithPayPal(String arg0, String arg1, double arg2): 2
 ~ public void <init>(java.util.List arg0): 1
 ~ private boolean cardIsPresentAndValid(flight.reservation.payment.CreditCard arg0): 3

flight.reservation.Passenger 2 1 0 0 3 0 0 0 2 0.0000 12 1.0000 0 0.0000 0.7500 0 0 4.5000
 ~ public void <init>(String arg0): 1
 ~ public String getName(): 1

flight.reservation.payment.Paypal 2 1 0 1 5 1 1 0 1 1.0000 21 0.0000 0 0.0000 1.0000 0 0 9.0000
 ~ static void <clinit>(): 1
 ~ public void <init>(): 1

flight.reservation.order.Order 10 1 1 2 12 31 1 1 10 0.8667 55 1.0000 1 0.0000 0.3250 0 0 4.0000
 ~ public void setPrice(double arg0): 1
 ~ public void setCustomer(flight.reservation.Customer arg0): 1
 ~ public flight.reservation.Customer getCustomer(): 1
 ~ public void setClosed(): 1
 ~ public java.util.List getPassengers(): 1
 ~ public double getPrice(): 1
 ~ public void setPassengers(java.util.List arg0): 1
 ~ public void <init>(): 1
 ~ public boolean isClosed(): 1
 ~ public java.util.UUID getId(): 1

